<?xml version="1.0" encoding="UTF-8"?>
<testsuite name="is.laserinc.tictactoe.BoardTest" tests="7" skipped="0" failures="0" errors="0" timestamp="2017-10-23T14:17:17" hostname="Ghostmedia" time="0.009">
  <properties/>
  <testcase name="checkWinnerColumn" classname="is.laserinc.tictactoe.BoardTest" time="0.004"/>
  <testcase name="checkWinnerColumnPlayer2" classname="is.laserinc.tictactoe.BoardTest" time="0.0"/>
  <testcase name="checkResetGame" classname="is.laserinc.tictactoe.BoardTest" time="0.0"/>
  <testcase name="checkWinnerCross" classname="is.laserinc.tictactoe.BoardTest" time="0.0"/>
  <testcase name="checkWinnerColumnPlayer2_2" classname="is.laserinc.tictactoe.BoardTest" time="0.0"/>
  <testcase name="switchPlayerTest" classname="is.laserinc.tictactoe.BoardTest" time="0.0"/>
  <testcase name="checkWinnerRow" classname="is.laserinc.tictactoe.BoardTest" time="0.0"/>
  <system-out><![CDATA[]]></system-out>
  <system-err><![CDATA[]]></system-err>
</testsuite>
