<?xml version="1.0" encoding="UTF-8"?>
<testsuite name="is.laserinc.tictactoe.BoardTest" tests="8" skipped="0" failures="0" errors="0" timestamp="2017-10-25T10:47:22" hostname="LeonidaS" time="0.008">
  <properties/>
  <testcase name="checkWinnerColumn" classname="is.laserinc.tictactoe.BoardTest" time="0.004"/>
  <testcase name="checkWinnerColumnPlayer2" classname="is.laserinc.tictactoe.BoardTest" time="0.0"/>
  <testcase name="checkResetGame" classname="is.laserinc.tictactoe.BoardTest" time="0.0"/>
  <testcase name="checkFullBoard" classname="is.laserinc.tictactoe.BoardTest" time="0.0"/>
  <testcase name="checkWinnerCross" classname="is.laserinc.tictactoe.BoardTest" time="0.0"/>
  <testcase name="checkCanMove" classname="is.laserinc.tictactoe.BoardTest" time="0.0"/>
  <testcase name="checkWinnerColumnPlayer2_2" classname="is.laserinc.tictactoe.BoardTest" time="0.0"/>
  <testcase name="checkWinnerRow" classname="is.laserinc.tictactoe.BoardTest" time="0.0"/>
  <system-out><![CDATA[]]></system-out>
  <system-err><![CDATA[]]></system-err>
</testsuite>
