<?xml version="1.0" encoding="UTF-8"?>
<testsuite name="is.laserinc.tictactoe.BoardTest" tests="7" skipped="0" failures="0" errors="0" timestamp="2017-10-23T14:30:00" hostname="LeonidaS" time="0.017">
  <properties/>
  <testcase name="checkWinnerColumn" classname="is.laserinc.tictactoe.BoardTest" time="0.006"/>
  <testcase name="checkWinnerColumnPlayer2" classname="is.laserinc.tictactoe.BoardTest" time="0.001"/>
  <testcase name="checkResetGame" classname="is.laserinc.tictactoe.BoardTest" time="0.0"/>
  <testcase name="checkWinnerCross" classname="is.laserinc.tictactoe.BoardTest" time="0.0"/>
  <testcase name="checkWinnerColumnPlayer2_2" classname="is.laserinc.tictactoe.BoardTest" time="0.001"/>
  <testcase name="switchPlayerTest" classname="is.laserinc.tictactoe.BoardTest" time="0.0"/>
  <testcase name="checkWinnerRow" classname="is.laserinc.tictactoe.BoardTest" time="0.0"/>
  <system-out><![CDATA[]]></system-out>
  <system-err><![CDATA[]]></system-err>
</testsuite>
